[Cassette: 'project page elements'] Initialized with options: {:record=>:once, :match_requests_on=>[:method, :uri], :allow_unused_http_interactions=>true, :serialize_with=>:yaml, :persist_with=>:file_system}
[webmock] Handling request: [get https://master.dev.nativ-systems.com/api/metadataDefinitions] (disabled: false)
  [Cassette: 'project page elements'] Initialized HTTPInteractionList with request matchers [:method, :uri] and 7 interaction(s): { [get https://master.dev.nativ-systems.com/api/metadataDefinitions] => [200 "{\"metadataDefinitions\":[{\"id\":32277,\"uuid\":\"ea45b59e-a9ef-4341-9635-3017301de587"], [get https://master.dev.nativ-systems.com/api/metadataDefinitions/11312/definition] => [200 "{\"definitionId\":107565,\"name\":\"project-metadata\",\"definition\":[{\"id\":107566,\"nam"], [get https://master.dev.nativ-systems.com/api/metadataDefinitions/11312/definition] => [200 "{\"definitionId\":107565,\"name\":\"project-metadata\",\"definition\":[{\"id\":107566,\"nam"], [get https://master.dev.nativ-systems.com/api/metadataDefinitions/11312/definition] => [200 "{\"definitionId\":107565,\"name\":\"project-metadata\",\"definition\":[{\"id\":107566,\"nam"], [get https://master.dev.nativ-systems.com/api/metadataDefinitions/11312/definition] => [200 "{\"definitionId\":107565,\"name\":\"project-metadata\",\"definition\":[{\"id\":107566,\"nam"], [get https://master.dev.nativ-systems.com/api/metadataDefinitions/11312/definition] => [200 "{\"definitionId\":107565,\"name\":\"project-metadata\",\"definition\":[{\"id\":107566,\"nam"], [get https://master.dev.nativ-systems.com/api/metadataDefinitions/11312/definition] => [200 "{\"definitionId\":107565,\"name\":\"project-metadata\",\"definition\":[{\"id\":107566,\"nam"] }
  [Cassette: 'project page elements'] Checking if [get https://master.dev.nativ-systems.com/api/metadataDefinitions] matches [get https://master.dev.nativ-systems.com/api/metadataDefinitions] using [:method, :uri]
    [Cassette: 'project page elements'] method (matched): current request [get https://master.dev.nativ-systems.com/api/metadataDefinitions] vs [get https://master.dev.nativ-systems.com/api/metadataDefinitions]
    [Cassette: 'project page elements'] uri (matched): current request [get https://master.dev.nativ-systems.com/api/metadataDefinitions] vs [get https://master.dev.nativ-systems.com/api/metadataDefinitions]
  [Cassette: 'project page elements'] Found matching interaction for [get https://master.dev.nativ-systems.com/api/metadataDefinitions] at index 0: [200 "{\"metadataDefinitions\":[{\"id\":32277,\"uuid\":\"ea45b59e-a9ef-4341-9635-3017301de587"]
[webmock] Identified request type (stubbed_by_vcr) for [get https://master.dev.nativ-systems.com/api/metadataDefinitions]
[webmock] Handling request: [get https://master.dev.nativ-systems.com/api/metadataDefinitions/11312/definition] (disabled: false)
  [Cassette: 'project page elements'] Checking if [get https://master.dev.nativ-systems.com/api/metadataDefinitions/11312/definition] matches [get https://master.dev.nativ-systems.com/api/metadataDefinitions/11312/definition] using [:method, :uri]
    [Cassette: 'project page elements'] method (matched): current request [get https://master.dev.nativ-systems.com/api/metadataDefinitions/11312/definition] vs [get https://master.dev.nativ-systems.com/api/metadataDefinitions/11312/definition]
    [Cassette: 'project page elements'] uri (matched): current request [get https://master.dev.nativ-systems.com/api/metadataDefinitions/11312/definition] vs [get https://master.dev.nativ-systems.com/api/metadataDefinitions/11312/definition]
  [Cassette: 'project page elements'] Found matching interaction for [get https://master.dev.nativ-systems.com/api/metadataDefinitions/11312/definition] at index 0: [200 "{\"definitionId\":107565,\"name\":\"project-metadata\",\"definition\":[{\"id\":107566,\"nam"]
[webmock] Identified request type (stubbed_by_vcr) for [get https://master.dev.nativ-systems.com/api/metadataDefinitions/11312/definition]
[webmock] Handling request: [get https://master.dev.nativ-systems.com/api/metadataDefinitions/11312/definition] (disabled: false)
  [Cassette: 'project page elements'] Checking if [get https://master.dev.nativ-systems.com/api/metadataDefinitions/11312/definition] matches [get https://master.dev.nativ-systems.com/api/metadataDefinitions/11312/definition] using [:method, :uri]
    [Cassette: 'project page elements'] method (matched): current request [get https://master.dev.nativ-systems.com/api/metadataDefinitions/11312/definition] vs [get https://master.dev.nativ-systems.com/api/metadataDefinitions/11312/definition]
    [Cassette: 'project page elements'] uri (matched): current request [get https://master.dev.nativ-systems.com/api/metadataDefinitions/11312/definition] vs [get https://master.dev.nativ-systems.com/api/metadataDefinitions/11312/definition]
  [Cassette: 'project page elements'] Found matching interaction for [get https://master.dev.nativ-systems.com/api/metadataDefinitions/11312/definition] at index 0: [200 "{\"definitionId\":107565,\"name\":\"project-metadata\",\"definition\":[{\"id\":107566,\"nam"]
[webmock] Identified request type (stubbed_by_vcr) for [get https://master.dev.nativ-systems.com/api/metadataDefinitions/11312/definition]
[webmock] Handling request: [get https://master.dev.nativ-systems.com/api/metadataDefinitions/11312/definition] (disabled: false)
  [Cassette: 'project page elements'] Checking if [get https://master.dev.nativ-systems.com/api/metadataDefinitions/11312/definition] matches [get https://master.dev.nativ-systems.com/api/metadataDefinitions/11312/definition] using [:method, :uri]
    [Cassette: 'project page elements'] method (matched): current request [get https://master.dev.nativ-systems.com/api/metadataDefinitions/11312/definition] vs [get https://master.dev.nativ-systems.com/api/metadataDefinitions/11312/definition]
    [Cassette: 'project page elements'] uri (matched): current request [get https://master.dev.nativ-systems.com/api/metadataDefinitions/11312/definition] vs [get https://master.dev.nativ-systems.com/api/metadataDefinitions/11312/definition]
  [Cassette: 'project page elements'] Found matching interaction for [get https://master.dev.nativ-systems.com/api/metadataDefinitions/11312/definition] at index 0: [200 "{\"definitionId\":107565,\"name\":\"project-metadata\",\"definition\":[{\"id\":107566,\"nam"]
[webmock] Identified request type (stubbed_by_vcr) for [get https://master.dev.nativ-systems.com/api/metadataDefinitions/11312/definition]
[webmock] Handling request: [get https://master.dev.nativ-systems.com/api/metadataDefinitions/11312/definition] (disabled: false)
  [Cassette: 'project page elements'] Checking if [get https://master.dev.nativ-systems.com/api/metadataDefinitions/11312/definition] matches [get https://master.dev.nativ-systems.com/api/metadataDefinitions/11312/definition] using [:method, :uri]
    [Cassette: 'project page elements'] method (matched): current request [get https://master.dev.nativ-systems.com/api/metadataDefinitions/11312/definition] vs [get https://master.dev.nativ-systems.com/api/metadataDefinitions/11312/definition]
    [Cassette: 'project page elements'] uri (matched): current request [get https://master.dev.nativ-systems.com/api/metadataDefinitions/11312/definition] vs [get https://master.dev.nativ-systems.com/api/metadataDefinitions/11312/definition]
  [Cassette: 'project page elements'] Found matching interaction for [get https://master.dev.nativ-systems.com/api/metadataDefinitions/11312/definition] at index 0: [200 "{\"definitionId\":107565,\"name\":\"project-metadata\",\"definition\":[{\"id\":107566,\"nam"]
[webmock] Identified request type (stubbed_by_vcr) for [get https://master.dev.nativ-systems.com/api/metadataDefinitions/11312/definition]
[webmock] Handling request: [get https://master.dev.nativ-systems.com/api/metadataDefinitions/11312/definition] (disabled: false)
  [Cassette: 'project page elements'] Checking if [get https://master.dev.nativ-systems.com/api/metadataDefinitions/11312/definition] matches [get https://master.dev.nativ-systems.com/api/metadataDefinitions/11312/definition] using [:method, :uri]
    [Cassette: 'project page elements'] method (matched): current request [get https://master.dev.nativ-systems.com/api/metadataDefinitions/11312/definition] vs [get https://master.dev.nativ-systems.com/api/metadataDefinitions/11312/definition]
    [Cassette: 'project page elements'] uri (matched): current request [get https://master.dev.nativ-systems.com/api/metadataDefinitions/11312/definition] vs [get https://master.dev.nativ-systems.com/api/metadataDefinitions/11312/definition]
  [Cassette: 'project page elements'] Found matching interaction for [get https://master.dev.nativ-systems.com/api/metadataDefinitions/11312/definition] at index 0: [200 "{\"definitionId\":107565,\"name\":\"project-metadata\",\"definition\":[{\"id\":107566,\"nam"]
[webmock] Identified request type (stubbed_by_vcr) for [get https://master.dev.nativ-systems.com/api/metadataDefinitions/11312/definition]
[webmock] Handling request: [get https://master.dev.nativ-systems.com/api/metadataDefinitions/11312/definition] (disabled: false)
  [Cassette: 'project page elements'] Checking if [get https://master.dev.nativ-systems.com/api/metadataDefinitions/11312/definition] matches [get https://master.dev.nativ-systems.com/api/metadataDefinitions/11312/definition] using [:method, :uri]
    [Cassette: 'project page elements'] method (matched): current request [get https://master.dev.nativ-systems.com/api/metadataDefinitions/11312/definition] vs [get https://master.dev.nativ-systems.com/api/metadataDefinitions/11312/definition]
    [Cassette: 'project page elements'] uri (matched): current request [get https://master.dev.nativ-systems.com/api/metadataDefinitions/11312/definition] vs [get https://master.dev.nativ-systems.com/api/metadataDefinitions/11312/definition]
  [Cassette: 'project page elements'] Found matching interaction for [get https://master.dev.nativ-systems.com/api/metadataDefinitions/11312/definition] at index 0: [200 "{\"definitionId\":107565,\"name\":\"project-metadata\",\"definition\":[{\"id\":107566,\"nam"]
[webmock] Identified request type (stubbed_by_vcr) for [get https://master.dev.nativ-systems.com/api/metadataDefinitions/11312/definition]
[Cassette: 'ingest page elements'] Initialized with options: {:record=>:once, :match_requests_on=>[:method, :uri], :allow_unused_http_interactions=>true, :serialize_with=>:yaml, :persist_with=>:file_system}
[webmock] Handling request: [get https://master.dev.nativ-systems.com/api/metadataDefinitions] (disabled: false)
  [Cassette: 'ingest page elements'] Initialized HTTPInteractionList with request matchers [:method, :uri] and 7 interaction(s): { [get https://master.dev.nativ-systems.com/api/metadataDefinitions] => [200 "{\"metadataDefinitions\":[{\"id\":32277,\"uuid\":\"ea45b59e-a9ef-4341-9635-3017301de587"], [get https://master.dev.nativ-systems.com/api/metadataDefinitions/11517/definition] => [200 "{\"definitionId\":107837,\"name\":\"ingest-metadata\",\"definition\":[{\"id\":107838,\"name"], [get https://master.dev.nativ-systems.com/api/metadataDefinitions/11517/definition] => [200 "{\"definitionId\":107837,\"name\":\"ingest-metadata\",\"definition\":[{\"id\":107838,\"name"], [get https://master.dev.nativ-systems.com/api/metadataDefinitions/11517/definition] => [200 "{\"definitionId\":107837,\"name\":\"ingest-metadata\",\"definition\":[{\"id\":107838,\"name"], [get https://master.dev.nativ-systems.com/api/metadataDefinitions/11517/definition] => [200 "{\"definitionId\":107837,\"name\":\"ingest-metadata\",\"definition\":[{\"id\":107838,\"name"], [get https://master.dev.nativ-systems.com/api/metadataDefinitions/11517/definition] => [200 "{\"definitionId\":107837,\"name\":\"ingest-metadata\",\"definition\":[{\"id\":107838,\"name"], [get https://master.dev.nativ-systems.com/api/metadataDefinitions/11517/definition] => [200 "{\"definitionId\":107837,\"name\":\"ingest-metadata\",\"definition\":[{\"id\":107838,\"name"] }
  [Cassette: 'ingest page elements'] Checking if [get https://master.dev.nativ-systems.com/api/metadataDefinitions] matches [get https://master.dev.nativ-systems.com/api/metadataDefinitions] using [:method, :uri]
    [Cassette: 'ingest page elements'] method (matched): current request [get https://master.dev.nativ-systems.com/api/metadataDefinitions] vs [get https://master.dev.nativ-systems.com/api/metadataDefinitions]
    [Cassette: 'ingest page elements'] uri (matched): current request [get https://master.dev.nativ-systems.com/api/metadataDefinitions] vs [get https://master.dev.nativ-systems.com/api/metadataDefinitions]
  [Cassette: 'ingest page elements'] Found matching interaction for [get https://master.dev.nativ-systems.com/api/metadataDefinitions] at index 0: [200 "{\"metadataDefinitions\":[{\"id\":32277,\"uuid\":\"ea45b59e-a9ef-4341-9635-3017301de587"]
[webmock] Identified request type (stubbed_by_vcr) for [get https://master.dev.nativ-systems.com/api/metadataDefinitions]
[webmock] Handling request: [get https://master.dev.nativ-systems.com/api/metadataDefinitions/11517/definition] (disabled: false)
  [Cassette: 'ingest page elements'] Checking if [get https://master.dev.nativ-systems.com/api/metadataDefinitions/11517/definition] matches [get https://master.dev.nativ-systems.com/api/metadataDefinitions/11517/definition] using [:method, :uri]
    [Cassette: 'ingest page elements'] method (matched): current request [get https://master.dev.nativ-systems.com/api/metadataDefinitions/11517/definition] vs [get https://master.dev.nativ-systems.com/api/metadataDefinitions/11517/definition]
    [Cassette: 'ingest page elements'] uri (matched): current request [get https://master.dev.nativ-systems.com/api/metadataDefinitions/11517/definition] vs [get https://master.dev.nativ-systems.com/api/metadataDefinitions/11517/definition]
  [Cassette: 'ingest page elements'] Found matching interaction for [get https://master.dev.nativ-systems.com/api/metadataDefinitions/11517/definition] at index 0: [200 "{\"definitionId\":107837,\"name\":\"ingest-metadata\",\"definition\":[{\"id\":107838,\"name"]
[webmock] Identified request type (stubbed_by_vcr) for [get https://master.dev.nativ-systems.com/api/metadataDefinitions/11517/definition]
[webmock] Handling request: [get https://master.dev.nativ-systems.com/api/metadataDefinitions/11517/definition] (disabled: false)
  [Cassette: 'ingest page elements'] Checking if [get https://master.dev.nativ-systems.com/api/metadataDefinitions/11517/definition] matches [get https://master.dev.nativ-systems.com/api/metadataDefinitions/11517/definition] using [:method, :uri]
    [Cassette: 'ingest page elements'] method (matched): current request [get https://master.dev.nativ-systems.com/api/metadataDefinitions/11517/definition] vs [get https://master.dev.nativ-systems.com/api/metadataDefinitions/11517/definition]
    [Cassette: 'ingest page elements'] uri (matched): current request [get https://master.dev.nativ-systems.com/api/metadataDefinitions/11517/definition] vs [get https://master.dev.nativ-systems.com/api/metadataDefinitions/11517/definition]
  [Cassette: 'ingest page elements'] Found matching interaction for [get https://master.dev.nativ-systems.com/api/metadataDefinitions/11517/definition] at index 0: [200 "{\"definitionId\":107837,\"name\":\"ingest-metadata\",\"definition\":[{\"id\":107838,\"name"]
[webmock] Identified request type (stubbed_by_vcr) for [get https://master.dev.nativ-systems.com/api/metadataDefinitions/11517/definition]
[webmock] Handling request: [get https://master.dev.nativ-systems.com/api/metadataDefinitions/11517/definition] (disabled: false)
  [Cassette: 'ingest page elements'] Checking if [get https://master.dev.nativ-systems.com/api/metadataDefinitions/11517/definition] matches [get https://master.dev.nativ-systems.com/api/metadataDefinitions/11517/definition] using [:method, :uri]
    [Cassette: 'ingest page elements'] method (matched): current request [get https://master.dev.nativ-systems.com/api/metadataDefinitions/11517/definition] vs [get https://master.dev.nativ-systems.com/api/metadataDefinitions/11517/definition]
    [Cassette: 'ingest page elements'] uri (matched): current request [get https://master.dev.nativ-systems.com/api/metadataDefinitions/11517/definition] vs [get https://master.dev.nativ-systems.com/api/metadataDefinitions/11517/definition]
  [Cassette: 'ingest page elements'] Found matching interaction for [get https://master.dev.nativ-systems.com/api/metadataDefinitions/11517/definition] at index 0: [200 "{\"definitionId\":107837,\"name\":\"ingest-metadata\",\"definition\":[{\"id\":107838,\"name"]
[webmock] Identified request type (stubbed_by_vcr) for [get https://master.dev.nativ-systems.com/api/metadataDefinitions/11517/definition]
[webmock] Handling request: [get https://master.dev.nativ-systems.com/api/metadataDefinitions/11517/definition] (disabled: false)
  [Cassette: 'ingest page elements'] Checking if [get https://master.dev.nativ-systems.com/api/metadataDefinitions/11517/definition] matches [get https://master.dev.nativ-systems.com/api/metadataDefinitions/11517/definition] using [:method, :uri]
    [Cassette: 'ingest page elements'] method (matched): current request [get https://master.dev.nativ-systems.com/api/metadataDefinitions/11517/definition] vs [get https://master.dev.nativ-systems.com/api/metadataDefinitions/11517/definition]
    [Cassette: 'ingest page elements'] uri (matched): current request [get https://master.dev.nativ-systems.com/api/metadataDefinitions/11517/definition] vs [get https://master.dev.nativ-systems.com/api/metadataDefinitions/11517/definition]
  [Cassette: 'ingest page elements'] Found matching interaction for [get https://master.dev.nativ-systems.com/api/metadataDefinitions/11517/definition] at index 0: [200 "{\"definitionId\":107837,\"name\":\"ingest-metadata\",\"definition\":[{\"id\":107838,\"name"]
[webmock] Identified request type (stubbed_by_vcr) for [get https://master.dev.nativ-systems.com/api/metadataDefinitions/11517/definition]
[webmock] Handling request: [get https://master.dev.nativ-systems.com/api/metadataDefinitions/11517/definition] (disabled: false)
  [Cassette: 'ingest page elements'] Checking if [get https://master.dev.nativ-systems.com/api/metadataDefinitions/11517/definition] matches [get https://master.dev.nativ-systems.com/api/metadataDefinitions/11517/definition] using [:method, :uri]
    [Cassette: 'ingest page elements'] method (matched): current request [get https://master.dev.nativ-systems.com/api/metadataDefinitions/11517/definition] vs [get https://master.dev.nativ-systems.com/api/metadataDefinitions/11517/definition]
    [Cassette: 'ingest page elements'] uri (matched): current request [get https://master.dev.nativ-systems.com/api/metadataDefinitions/11517/definition] vs [get https://master.dev.nativ-systems.com/api/metadataDefinitions/11517/definition]
  [Cassette: 'ingest page elements'] Found matching interaction for [get https://master.dev.nativ-systems.com/api/metadataDefinitions/11517/definition] at index 0: [200 "{\"definitionId\":107837,\"name\":\"ingest-metadata\",\"definition\":[{\"id\":107838,\"name"]
[webmock] Identified request type (stubbed_by_vcr) for [get https://master.dev.nativ-systems.com/api/metadataDefinitions/11517/definition]
[webmock] Handling request: [get https://master.dev.nativ-systems.com/api/metadataDefinitions/11517/definition] (disabled: false)
  [Cassette: 'ingest page elements'] Checking if [get https://master.dev.nativ-systems.com/api/metadataDefinitions/11517/definition] matches [get https://master.dev.nativ-systems.com/api/metadataDefinitions/11517/definition] using [:method, :uri]
    [Cassette: 'ingest page elements'] method (matched): current request [get https://master.dev.nativ-systems.com/api/metadataDefinitions/11517/definition] vs [get https://master.dev.nativ-systems.com/api/metadataDefinitions/11517/definition]
    [Cassette: 'ingest page elements'] uri (matched): current request [get https://master.dev.nativ-systems.com/api/metadataDefinitions/11517/definition] vs [get https://master.dev.nativ-systems.com/api/metadataDefinitions/11517/definition]
  [Cassette: 'ingest page elements'] Found matching interaction for [get https://master.dev.nativ-systems.com/api/metadataDefinitions/11517/definition] at index 0: [200 "{\"definitionId\":107837,\"name\":\"ingest-metadata\",\"definition\":[{\"id\":107838,\"name"]
[webmock] Identified request type (stubbed_by_vcr) for [get https://master.dev.nativ-systems.com/api/metadataDefinitions/11517/definition]
[Cassette: 'publish page elements'] Initialized with options: {:record=>:once, :match_requests_on=>[:method, :uri], :allow_unused_http_interactions=>true, :serialize_with=>:yaml, :persist_with=>:file_system}
[webmock] Handling request: [get https://master.dev.nativ-systems.com/api/metadataDefinitions] (disabled: false)
  [Cassette: 'publish page elements'] Initialized HTTPInteractionList with request matchers [:method, :uri] and 7 interaction(s): { [get https://master.dev.nativ-systems.com/api/metadataDefinitions] => [200 "{\"metadataDefinitions\":[{\"id\":32277,\"uuid\":\"ea45b59e-a9ef-4341-9635-3017301de587"], [get https://master.dev.nativ-systems.com/api/metadataDefinitions/11518/definition] => [200 "{\"definitionId\":107712,\"name\":\"publish-metadata\",\"definition\":[{\"id\":107713,\"nam"], [get https://master.dev.nativ-systems.com/api/metadataDefinitions/11518/definition] => [200 "{\"definitionId\":107712,\"name\":\"publish-metadata\",\"definition\":[{\"id\":107713,\"nam"], [get https://master.dev.nativ-systems.com/api/metadataDefinitions/11518/definition] => [200 "{\"definitionId\":107712,\"name\":\"publish-metadata\",\"definition\":[{\"id\":107713,\"nam"], [get https://master.dev.nativ-systems.com/api/metadataDefinitions/11518/definition] => [200 "{\"definitionId\":107712,\"name\":\"publish-metadata\",\"definition\":[{\"id\":107713,\"nam"], [get https://master.dev.nativ-systems.com/api/metadataDefinitions/11518/definition] => [200 "{\"definitionId\":107712,\"name\":\"publish-metadata\",\"definition\":[{\"id\":107713,\"nam"], [get https://master.dev.nativ-systems.com/api/metadataDefinitions/11518/definition] => [200 "{\"definitionId\":107712,\"name\":\"publish-metadata\",\"definition\":[{\"id\":107713,\"nam"] }
  [Cassette: 'publish page elements'] Checking if [get https://master.dev.nativ-systems.com/api/metadataDefinitions] matches [get https://master.dev.nativ-systems.com/api/metadataDefinitions] using [:method, :uri]
    [Cassette: 'publish page elements'] method (matched): current request [get https://master.dev.nativ-systems.com/api/metadataDefinitions] vs [get https://master.dev.nativ-systems.com/api/metadataDefinitions]
    [Cassette: 'publish page elements'] uri (matched): current request [get https://master.dev.nativ-systems.com/api/metadataDefinitions] vs [get https://master.dev.nativ-systems.com/api/metadataDefinitions]
  [Cassette: 'publish page elements'] Found matching interaction for [get https://master.dev.nativ-systems.com/api/metadataDefinitions] at index 0: [200 "{\"metadataDefinitions\":[{\"id\":32277,\"uuid\":\"ea45b59e-a9ef-4341-9635-3017301de587"]
[webmock] Identified request type (stubbed_by_vcr) for [get https://master.dev.nativ-systems.com/api/metadataDefinitions]
[webmock] Handling request: [get https://master.dev.nativ-systems.com/api/metadataDefinitions/11518/definition] (disabled: false)
  [Cassette: 'publish page elements'] Checking if [get https://master.dev.nativ-systems.com/api/metadataDefinitions/11518/definition] matches [get https://master.dev.nativ-systems.com/api/metadataDefinitions/11518/definition] using [:method, :uri]
    [Cassette: 'publish page elements'] method (matched): current request [get https://master.dev.nativ-systems.com/api/metadataDefinitions/11518/definition] vs [get https://master.dev.nativ-systems.com/api/metadataDefinitions/11518/definition]
    [Cassette: 'publish page elements'] uri (matched): current request [get https://master.dev.nativ-systems.com/api/metadataDefinitions/11518/definition] vs [get https://master.dev.nativ-systems.com/api/metadataDefinitions/11518/definition]
  [Cassette: 'publish page elements'] Found matching interaction for [get https://master.dev.nativ-systems.com/api/metadataDefinitions/11518/definition] at index 0: [200 "{\"definitionId\":107712,\"name\":\"publish-metadata\",\"definition\":[{\"id\":107713,\"nam"]
[webmock] Identified request type (stubbed_by_vcr) for [get https://master.dev.nativ-systems.com/api/metadataDefinitions/11518/definition]
[webmock] Handling request: [get https://master.dev.nativ-systems.com/api/metadataDefinitions/11518/definition] (disabled: false)
  [Cassette: 'publish page elements'] Checking if [get https://master.dev.nativ-systems.com/api/metadataDefinitions/11518/definition] matches [get https://master.dev.nativ-systems.com/api/metadataDefinitions/11518/definition] using [:method, :uri]
    [Cassette: 'publish page elements'] method (matched): current request [get https://master.dev.nativ-systems.com/api/metadataDefinitions/11518/definition] vs [get https://master.dev.nativ-systems.com/api/metadataDefinitions/11518/definition]
    [Cassette: 'publish page elements'] uri (matched): current request [get https://master.dev.nativ-systems.com/api/metadataDefinitions/11518/definition] vs [get https://master.dev.nativ-systems.com/api/metadataDefinitions/11518/definition]
  [Cassette: 'publish page elements'] Found matching interaction for [get https://master.dev.nativ-systems.com/api/metadataDefinitions/11518/definition] at index 0: [200 "{\"definitionId\":107712,\"name\":\"publish-metadata\",\"definition\":[{\"id\":107713,\"nam"]
[webmock] Identified request type (stubbed_by_vcr) for [get https://master.dev.nativ-systems.com/api/metadataDefinitions/11518/definition]
[webmock] Handling request: [get https://master.dev.nativ-systems.com/api/metadataDefinitions/11518/definition] (disabled: false)
  [Cassette: 'publish page elements'] Checking if [get https://master.dev.nativ-systems.com/api/metadataDefinitions/11518/definition] matches [get https://master.dev.nativ-systems.com/api/metadataDefinitions/11518/definition] using [:method, :uri]
    [Cassette: 'publish page elements'] method (matched): current request [get https://master.dev.nativ-systems.com/api/metadataDefinitions/11518/definition] vs [get https://master.dev.nativ-systems.com/api/metadataDefinitions/11518/definition]
    [Cassette: 'publish page elements'] uri (matched): current request [get https://master.dev.nativ-systems.com/api/metadataDefinitions/11518/definition] vs [get https://master.dev.nativ-systems.com/api/metadataDefinitions/11518/definition]
  [Cassette: 'publish page elements'] Found matching interaction for [get https://master.dev.nativ-systems.com/api/metadataDefinitions/11518/definition] at index 0: [200 "{\"definitionId\":107712,\"name\":\"publish-metadata\",\"definition\":[{\"id\":107713,\"nam"]
[webmock] Identified request type (stubbed_by_vcr) for [get https://master.dev.nativ-systems.com/api/metadataDefinitions/11518/definition]
[webmock] Handling request: [get https://master.dev.nativ-systems.com/api/metadataDefinitions/11518/definition] (disabled: false)
  [Cassette: 'publish page elements'] Checking if [get https://master.dev.nativ-systems.com/api/metadataDefinitions/11518/definition] matches [get https://master.dev.nativ-systems.com/api/metadataDefinitions/11518/definition] using [:method, :uri]
    [Cassette: 'publish page elements'] method (matched): current request [get https://master.dev.nativ-systems.com/api/metadataDefinitions/11518/definition] vs [get https://master.dev.nativ-systems.com/api/metadataDefinitions/11518/definition]
    [Cassette: 'publish page elements'] uri (matched): current request [get https://master.dev.nativ-systems.com/api/metadataDefinitions/11518/definition] vs [get https://master.dev.nativ-systems.com/api/metadataDefinitions/11518/definition]
  [Cassette: 'publish page elements'] Found matching interaction for [get https://master.dev.nativ-systems.com/api/metadataDefinitions/11518/definition] at index 0: [200 "{\"definitionId\":107712,\"name\":\"publish-metadata\",\"definition\":[{\"id\":107713,\"nam"]
[webmock] Identified request type (stubbed_by_vcr) for [get https://master.dev.nativ-systems.com/api/metadataDefinitions/11518/definition]
[webmock] Handling request: [get https://master.dev.nativ-systems.com/api/metadataDefinitions/11518/definition] (disabled: false)
  [Cassette: 'publish page elements'] Checking if [get https://master.dev.nativ-systems.com/api/metadataDefinitions/11518/definition] matches [get https://master.dev.nativ-systems.com/api/metadataDefinitions/11518/definition] using [:method, :uri]
    [Cassette: 'publish page elements'] method (matched): current request [get https://master.dev.nativ-systems.com/api/metadataDefinitions/11518/definition] vs [get https://master.dev.nativ-systems.com/api/metadataDefinitions/11518/definition]
    [Cassette: 'publish page elements'] uri (matched): current request [get https://master.dev.nativ-systems.com/api/metadataDefinitions/11518/definition] vs [get https://master.dev.nativ-systems.com/api/metadataDefinitions/11518/definition]
  [Cassette: 'publish page elements'] Found matching interaction for [get https://master.dev.nativ-systems.com/api/metadataDefinitions/11518/definition] at index 0: [200 "{\"definitionId\":107712,\"name\":\"publish-metadata\",\"definition\":[{\"id\":107713,\"nam"]
[webmock] Identified request type (stubbed_by_vcr) for [get https://master.dev.nativ-systems.com/api/metadataDefinitions/11518/definition]
[webmock] Handling request: [get https://master.dev.nativ-systems.com/api/metadataDefinitions/11518/definition] (disabled: false)
  [Cassette: 'publish page elements'] Checking if [get https://master.dev.nativ-systems.com/api/metadataDefinitions/11518/definition] matches [get https://master.dev.nativ-systems.com/api/metadataDefinitions/11518/definition] using [:method, :uri]
    [Cassette: 'publish page elements'] method (matched): current request [get https://master.dev.nativ-systems.com/api/metadataDefinitions/11518/definition] vs [get https://master.dev.nativ-systems.com/api/metadataDefinitions/11518/definition]
    [Cassette: 'publish page elements'] uri (matched): current request [get https://master.dev.nativ-systems.com/api/metadataDefinitions/11518/definition] vs [get https://master.dev.nativ-systems.com/api/metadataDefinitions/11518/definition]
  [Cassette: 'publish page elements'] Found matching interaction for [get https://master.dev.nativ-systems.com/api/metadataDefinitions/11518/definition] at index 0: [200 "{\"definitionId\":107712,\"name\":\"publish-metadata\",\"definition\":[{\"id\":107713,\"nam"]
[webmock] Identified request type (stubbed_by_vcr) for [get https://master.dev.nativ-systems.com/api/metadataDefinitions/11518/definition]
[Cassette: 'new project webservice client'] Initialized with options: {:record=>:once, :match_requests_on=>[:method, :uri], :allow_unused_http_interactions=>true, :serialize_with=>:yaml, :persist_with=>:file_system}
[webmock] Handling request: [get https://master.dev.nativ-systems.com/api/metadataDefinitions] (disabled: false)
  [Cassette: 'new project webservice client'] Initialized HTTPInteractionList with request matchers [:method, :uri] and 1 interaction(s): { [get https://master.dev.nativ-systems.com/api/metadataDefinitions] => [200 "{\"metadataDefinitions\":[{\"id\":32277,\"uuid\":\"ea45b59e-a9ef-4341-9635-3017301de587"] }
  [Cassette: 'new project webservice client'] Checking if [get https://master.dev.nativ-systems.com/api/metadataDefinitions] matches [get https://master.dev.nativ-systems.com/api/metadataDefinitions] using [:method, :uri]
    [Cassette: 'new project webservice client'] method (matched): current request [get https://master.dev.nativ-systems.com/api/metadataDefinitions] vs [get https://master.dev.nativ-systems.com/api/metadataDefinitions]
    [Cassette: 'new project webservice client'] uri (matched): current request [get https://master.dev.nativ-systems.com/api/metadataDefinitions] vs [get https://master.dev.nativ-systems.com/api/metadataDefinitions]
  [Cassette: 'new project webservice client'] Found matching interaction for [get https://master.dev.nativ-systems.com/api/metadataDefinitions] at index 0: [200 "{\"metadataDefinitions\":[{\"id\":32277,\"uuid\":\"ea45b59e-a9ef-4341-9635-3017301de587"]
[webmock] Identified request type (stubbed_by_vcr) for [get https://master.dev.nativ-systems.com/api/metadataDefinitions]
[Cassette: 'get id from name'] Initialized with options: {:record=>:once, :match_requests_on=>[:method, :uri], :allow_unused_http_interactions=>true, :serialize_with=>:yaml, :persist_with=>:file_system}
[webmock] Handling request: [get https://master.dev.nativ-systems.com/api/metadataDefinitions] (disabled: false)
  [Cassette: 'get id from name'] Initialized HTTPInteractionList with request matchers [:method, :uri] and 1 interaction(s): { [get https://master.dev.nativ-systems.com/api/metadataDefinitions] => [200 "{\"metadataDefinitions\":[{\"id\":32277,\"uuid\":\"ea45b59e-a9ef-4341-9635-3017301de587"] }
  [Cassette: 'get id from name'] Checking if [get https://master.dev.nativ-systems.com/api/metadataDefinitions] matches [get https://master.dev.nativ-systems.com/api/metadataDefinitions] using [:method, :uri]
    [Cassette: 'get id from name'] method (matched): current request [get https://master.dev.nativ-systems.com/api/metadataDefinitions] vs [get https://master.dev.nativ-systems.com/api/metadataDefinitions]
    [Cassette: 'get id from name'] uri (matched): current request [get https://master.dev.nativ-systems.com/api/metadataDefinitions] vs [get https://master.dev.nativ-systems.com/api/metadataDefinitions]
  [Cassette: 'get id from name'] Found matching interaction for [get https://master.dev.nativ-systems.com/api/metadataDefinitions] at index 0: [200 "{\"metadataDefinitions\":[{\"id\":32277,\"uuid\":\"ea45b59e-a9ef-4341-9635-3017301de587"]
[webmock] Identified request type (stubbed_by_vcr) for [get https://master.dev.nativ-systems.com/api/metadataDefinitions]
[Cassette: 'panel name'] Initialized with options: {:record=>:once, :match_requests_on=>[:method, :uri], :allow_unused_http_interactions=>true, :serialize_with=>:yaml, :persist_with=>:file_system}
[webmock] Handling request: [get https://master.dev.nativ-systems.com/api/metadataDefinitions] (disabled: false)
  [Cassette: 'panel name'] Initialized HTTPInteractionList with request matchers [:method, :uri] and 1 interaction(s): { [get https://master.dev.nativ-systems.com/api/metadataDefinitions] => [200 "{\"metadataDefinitions\":[{\"id\":32277,\"uuid\":\"ea45b59e-a9ef-4341-9635-3017301de587"] }
  [Cassette: 'panel name'] Checking if [get https://master.dev.nativ-systems.com/api/metadataDefinitions] matches [get https://master.dev.nativ-systems.com/api/metadataDefinitions] using [:method, :uri]
    [Cassette: 'panel name'] method (matched): current request [get https://master.dev.nativ-systems.com/api/metadataDefinitions] vs [get https://master.dev.nativ-systems.com/api/metadataDefinitions]
    [Cassette: 'panel name'] uri (matched): current request [get https://master.dev.nativ-systems.com/api/metadataDefinitions] vs [get https://master.dev.nativ-systems.com/api/metadataDefinitions]
  [Cassette: 'panel name'] Found matching interaction for [get https://master.dev.nativ-systems.com/api/metadataDefinitions] at index 0: [200 "{\"metadataDefinitions\":[{\"id\":32277,\"uuid\":\"ea45b59e-a9ef-4341-9635-3017301de587"]
[webmock] Identified request type (stubbed_by_vcr) for [get https://master.dev.nativ-systems.com/api/metadataDefinitions]
[Cassette: 'new project webservice client'] Initialized with options: {:record=>:once, :match_requests_on=>[:method, :uri], :allow_unused_http_interactions=>true, :serialize_with=>:yaml, :persist_with=>:file_system}
[webmock] Handling request: [get https://master.dev.nativ-systems.com/api/metadataDefinitions] (disabled: false)
  [Cassette: 'new project webservice client'] Initialized HTTPInteractionList with request matchers [:method, :uri] and 1 interaction(s): { [get https://master.dev.nativ-systems.com/api/metadataDefinitions] => [200 "{\"metadataDefinitions\":[{\"id\":32277,\"uuid\":\"ea45b59e-a9ef-4341-9635-3017301de587"] }
  [Cassette: 'new project webservice client'] Checking if [get https://master.dev.nativ-systems.com/api/metadataDefinitions] matches [get https://master.dev.nativ-systems.com/api/metadataDefinitions] using [:method, :uri]
    [Cassette: 'new project webservice client'] method (matched): current request [get https://master.dev.nativ-systems.com/api/metadataDefinitions] vs [get https://master.dev.nativ-systems.com/api/metadataDefinitions]
    [Cassette: 'new project webservice client'] uri (matched): current request [get https://master.dev.nativ-systems.com/api/metadataDefinitions] vs [get https://master.dev.nativ-systems.com/api/metadataDefinitions]
  [Cassette: 'new project webservice client'] Found matching interaction for [get https://master.dev.nativ-systems.com/api/metadataDefinitions] at index 0: [200 "{\"metadataDefinitions\":[{\"id\":32277,\"uuid\":\"ea45b59e-a9ef-4341-9635-3017301de587"]
[webmock] Identified request type (stubbed_by_vcr) for [get https://master.dev.nativ-systems.com/api/metadataDefinitions]
[Cassette: 'panel elements'] Initialized with options: {:record=>:once, :match_requests_on=>[:method, :uri], :allow_unused_http_interactions=>true, :serialize_with=>:yaml, :persist_with=>:file_system}
[webmock] Handling request: [get https://master.dev.nativ-systems.com/api/metadataDefinitions/11312/definition] (disabled: false)
  [Cassette: 'panel elements'] Initialized HTTPInteractionList with request matchers [:method, :uri] and 1 interaction(s): { [get https://master.dev.nativ-systems.com/api/metadataDefinitions/11312/definition] => [200 "{\"definitionId\":107565,\"name\":\"project-metadata\",\"definition\":[{\"id\":107566,\"nam"] }
  [Cassette: 'panel elements'] Checking if [get https://master.dev.nativ-systems.com/api/metadataDefinitions/11312/definition] matches [get https://master.dev.nativ-systems.com/api/metadataDefinitions/11312/definition] using [:method, :uri]
    [Cassette: 'panel elements'] method (matched): current request [get https://master.dev.nativ-systems.com/api/metadataDefinitions/11312/definition] vs [get https://master.dev.nativ-systems.com/api/metadataDefinitions/11312/definition]
    [Cassette: 'panel elements'] uri (matched): current request [get https://master.dev.nativ-systems.com/api/metadataDefinitions/11312/definition] vs [get https://master.dev.nativ-systems.com/api/metadataDefinitions/11312/definition]
  [Cassette: 'panel elements'] Found matching interaction for [get https://master.dev.nativ-systems.com/api/metadataDefinitions/11312/definition] at index 0: [200 "{\"definitionId\":107565,\"name\":\"project-metadata\",\"definition\":[{\"id\":107566,\"nam"]
[webmock] Identified request type (stubbed_by_vcr) for [get https://master.dev.nativ-systems.com/api/metadataDefinitions/11312/definition]
[Cassette: 'new project webservice client'] Initialized with options: {:record=>:once, :match_requests_on=>[:method, :uri], :allow_unused_http_interactions=>true, :serialize_with=>:yaml, :persist_with=>:file_system}
[webmock] Handling request: [get https://master.dev.nativ-systems.com/api/metadataDefinitions] (disabled: false)
  [Cassette: 'new project webservice client'] Initialized HTTPInteractionList with request matchers [:method, :uri] and 1 interaction(s): { [get https://master.dev.nativ-systems.com/api/metadataDefinitions] => [200 "{\"metadataDefinitions\":[{\"id\":32277,\"uuid\":\"ea45b59e-a9ef-4341-9635-3017301de587"] }
  [Cassette: 'new project webservice client'] Checking if [get https://master.dev.nativ-systems.com/api/metadataDefinitions] matches [get https://master.dev.nativ-systems.com/api/metadataDefinitions] using [:method, :uri]
    [Cassette: 'new project webservice client'] method (matched): current request [get https://master.dev.nativ-systems.com/api/metadataDefinitions] vs [get https://master.dev.nativ-systems.com/api/metadataDefinitions]
    [Cassette: 'new project webservice client'] uri (matched): current request [get https://master.dev.nativ-systems.com/api/metadataDefinitions] vs [get https://master.dev.nativ-systems.com/api/metadataDefinitions]
  [Cassette: 'new project webservice client'] Found matching interaction for [get https://master.dev.nativ-systems.com/api/metadataDefinitions] at index 0: [200 "{\"metadataDefinitions\":[{\"id\":32277,\"uuid\":\"ea45b59e-a9ef-4341-9635-3017301de587"]
[webmock] Identified request type (stubbed_by_vcr) for [get https://master.dev.nativ-systems.com/api/metadataDefinitions]
[Cassette: 'panel definitions'] Initialized with options: {:record=>:once, :match_requests_on=>[:method, :uri], :allow_unused_http_interactions=>true, :serialize_with=>:yaml, :persist_with=>:file_system}
[webmock] Handling request: [get https://master.dev.nativ-systems.com/api/metadataDefinitions/11312/definition] (disabled: false)
  [Cassette: 'panel definitions'] Initialized HTTPInteractionList with request matchers [:method, :uri] and 1 interaction(s): { [get https://master.dev.nativ-systems.com/api/metadataDefinitions/11312/definition] => [200 "{\"definitionId\":107565,\"name\":\"project-metadata\",\"definition\":[{\"id\":107566,\"nam"] }
  [Cassette: 'panel definitions'] Checking if [get https://master.dev.nativ-systems.com/api/metadataDefinitions/11312/definition] matches [get https://master.dev.nativ-systems.com/api/metadataDefinitions/11312/definition] using [:method, :uri]
    [Cassette: 'panel definitions'] method (matched): current request [get https://master.dev.nativ-systems.com/api/metadataDefinitions/11312/definition] vs [get https://master.dev.nativ-systems.com/api/metadataDefinitions/11312/definition]
    [Cassette: 'panel definitions'] uri (matched): current request [get https://master.dev.nativ-systems.com/api/metadataDefinitions/11312/definition] vs [get https://master.dev.nativ-systems.com/api/metadataDefinitions/11312/definition]
  [Cassette: 'panel definitions'] Found matching interaction for [get https://master.dev.nativ-systems.com/api/metadataDefinitions/11312/definition] at index 0: [200 "{\"definitionId\":107565,\"name\":\"project-metadata\",\"definition\":[{\"id\":107566,\"nam"]
[webmock] Identified request type (stubbed_by_vcr) for [get https://master.dev.nativ-systems.com/api/metadataDefinitions/11312/definition]
[webmock] Handling request: [post http://127.0.0.1:8910/session] (disabled: false)
[webmock] Identified request type (ignored) for [post http://127.0.0.1:8910/session]
[webmock] Handling request: [get https://master.dev.nativ-systems.com/api/metadataDefinitions] (disabled: false)
[webmock] Identified request type (recordable) for [get https://master.dev.nativ-systems.com/api/metadataDefinitions]
[Cassette: 'expected_page_elements'] Initialized with options: {:record=>:once, :match_requests_on=>[:method, :uri], :allow_unused_http_interactions=>true, :serialize_with=>:yaml, :persist_with=>:file_system}
[webmock] Handling request: [get https://master.dev.nativ-systems.com/api/metadataDefinitions/11312/definition] (disabled: false)
  [Cassette: 'expected_page_elements'] Initialized HTTPInteractionList with request matchers [:method, :uri] and 1 interaction(s): { [get https://master.dev.nativ-systems.com/api/metadataDefinitions/11312/definition] => [200 "{\"definitionId\":107565,\"name\":\"project-metadata\",\"definition\":[{\"id\":107566,\"nam"] }
  [Cassette: 'expected_page_elements'] Checking if [get https://master.dev.nativ-systems.com/api/metadataDefinitions/11312/definition] matches [get https://master.dev.nativ-systems.com/api/metadataDefinitions/11312/definition] using [:method, :uri]
    [Cassette: 'expected_page_elements'] method (matched): current request [get https://master.dev.nativ-systems.com/api/metadataDefinitions/11312/definition] vs [get https://master.dev.nativ-systems.com/api/metadataDefinitions/11312/definition]
    [Cassette: 'expected_page_elements'] uri (matched): current request [get https://master.dev.nativ-systems.com/api/metadataDefinitions/11312/definition] vs [get https://master.dev.nativ-systems.com/api/metadataDefinitions/11312/definition]
  [Cassette: 'expected_page_elements'] Found matching interaction for [get https://master.dev.nativ-systems.com/api/metadataDefinitions/11312/definition] at index 0: [200 "{\"definitionId\":107565,\"name\":\"project-metadata\",\"definition\":[{\"id\":107566,\"nam"]
[webmock] Identified request type (stubbed_by_vcr) for [get https://master.dev.nativ-systems.com/api/metadataDefinitions/11312/definition]
[webmock] Handling request: [delete http://127.0.0.1:8910/session/8b679a00-4e7d-11e6-af14-f79b603de7cf] (disabled: false)
[webmock] Identified request type (ignored) for [delete http://127.0.0.1:8910/session/8b679a00-4e7d-11e6-af14-f79b603de7cf]
[webmock] Handling request: [get http://127.0.0.1:8910/shutdown] (disabled: false)
[webmock] Identified request type (ignored) for [get http://127.0.0.1:8910/shutdown]
[webmock] Handling request: [post http://127.0.0.1:8910/session] (disabled: false)
[webmock] Identified request type (ignored) for [post http://127.0.0.1:8910/session]
[webmock] Handling request: [get https://master.dev.nativ-systems.com/api/metadataDefinitions] (disabled: false)
[webmock] Identified request type (recordable) for [get https://master.dev.nativ-systems.com/api/metadataDefinitions]
[Cassette: 'expected_page_elements'] Initialized with options: {:record=>:once, :match_requests_on=>[:method, :uri], :allow_unused_http_interactions=>true, :serialize_with=>:yaml, :persist_with=>:file_system}
[webmock] Handling request: [get https://master.dev.nativ-systems.com/api/metadataDefinitions/11312/definition] (disabled: false)
  [Cassette: 'expected_page_elements'] Initialized HTTPInteractionList with request matchers [:method, :uri] and 1 interaction(s): { [get https://master.dev.nativ-systems.com/api/metadataDefinitions/11312/definition] => [200 "{\"definitionId\":107565,\"name\":\"project-metadata\",\"definition\":[{\"id\":107566,\"nam"] }
  [Cassette: 'expected_page_elements'] Checking if [get https://master.dev.nativ-systems.com/api/metadataDefinitions/11312/definition] matches [get https://master.dev.nativ-systems.com/api/metadataDefinitions/11312/definition] using [:method, :uri]
    [Cassette: 'expected_page_elements'] method (matched): current request [get https://master.dev.nativ-systems.com/api/metadataDefinitions/11312/definition] vs [get https://master.dev.nativ-systems.com/api/metadataDefinitions/11312/definition]
    [Cassette: 'expected_page_elements'] uri (matched): current request [get https://master.dev.nativ-systems.com/api/metadataDefinitions/11312/definition] vs [get https://master.dev.nativ-systems.com/api/metadataDefinitions/11312/definition]
  [Cassette: 'expected_page_elements'] Found matching interaction for [get https://master.dev.nativ-systems.com/api/metadataDefinitions/11312/definition] at index 0: [200 "{\"definitionId\":107565,\"name\":\"project-metadata\",\"definition\":[{\"id\":107566,\"nam"]
[webmock] Identified request type (stubbed_by_vcr) for [get https://master.dev.nativ-systems.com/api/metadataDefinitions/11312/definition]
[webmock] Handling request: [delete http://127.0.0.1:8910/session/8e06fd00-4e7d-11e6-8d21-a5a22f2e4c80] (disabled: false)
[webmock] Identified request type (ignored) for [delete http://127.0.0.1:8910/session/8e06fd00-4e7d-11e6-8d21-a5a22f2e4c80]
[webmock] Handling request: [get http://127.0.0.1:8910/shutdown] (disabled: false)
[webmock] Identified request type (ignored) for [get http://127.0.0.1:8910/shutdown]
[Cassette: 'get panel definition by id'] Initialized with options: {:record=>:once, :match_requests_on=>[:method, :uri], :allow_unused_http_interactions=>true, :serialize_with=>:yaml, :persist_with=>:file_system}
[webmock] Handling request: [get https://master.dev.nativ-systems.com/api/metadataDefinitions/11518/definition] (disabled: false)
  [Cassette: 'get panel definition by id'] Initialized HTTPInteractionList with request matchers [:method, :uri] and 1 interaction(s): { [get https://master.dev.nativ-systems.com/api/metadataDefinitions/11518/definition] => [200 "{\"definitionId\":107712,\"name\":\"publish-metadata\",\"definition\":[{\"id\":107713,\"nam"] }
  [Cassette: 'get panel definition by id'] Checking if [get https://master.dev.nativ-systems.com/api/metadataDefinitions/11518/definition] matches [get https://master.dev.nativ-systems.com/api/metadataDefinitions/11518/definition] using [:method, :uri]
    [Cassette: 'get panel definition by id'] method (matched): current request [get https://master.dev.nativ-systems.com/api/metadataDefinitions/11518/definition] vs [get https://master.dev.nativ-systems.com/api/metadataDefinitions/11518/definition]
    [Cassette: 'get panel definition by id'] uri (matched): current request [get https://master.dev.nativ-systems.com/api/metadataDefinitions/11518/definition] vs [get https://master.dev.nativ-systems.com/api/metadataDefinitions/11518/definition]
  [Cassette: 'get panel definition by id'] Found matching interaction for [get https://master.dev.nativ-systems.com/api/metadataDefinitions/11518/definition] at index 0: [200 "{\"definitionId\":107712,\"name\":\"publish-metadata\",\"definition\":[{\"id\":107713,\"nam"]
[webmock] Identified request type (stubbed_by_vcr) for [get https://master.dev.nativ-systems.com/api/metadataDefinitions/11518/definition]
[Cassette: 'get panel elements'] Initialized with options: {:record=>:once, :match_requests_on=>[:method, :uri], :allow_unused_http_interactions=>true, :serialize_with=>:yaml, :persist_with=>:file_system}
[webmock] Handling request: [get https://master.dev.nativ-systems.com/api/metadataDefinitions/11518/definition] (disabled: false)
  [Cassette: 'get panel elements'] Initialized HTTPInteractionList with request matchers [:method, :uri] and 1 interaction(s): { [get https://master.dev.nativ-systems.com/api/metadataDefinitions/11518/definition] => [200 "{\"definitionId\":107712,\"name\":\"publish-metadata\",\"definition\":[{\"id\":107713,\"nam"] }
  [Cassette: 'get panel elements'] Checking if [get https://master.dev.nativ-systems.com/api/metadataDefinitions/11518/definition] matches [get https://master.dev.nativ-systems.com/api/metadataDefinitions/11518/definition] using [:method, :uri]
    [Cassette: 'get panel elements'] method (matched): current request [get https://master.dev.nativ-systems.com/api/metadataDefinitions/11518/definition] vs [get https://master.dev.nativ-systems.com/api/metadataDefinitions/11518/definition]
    [Cassette: 'get panel elements'] uri (matched): current request [get https://master.dev.nativ-systems.com/api/metadataDefinitions/11518/definition] vs [get https://master.dev.nativ-systems.com/api/metadataDefinitions/11518/definition]
  [Cassette: 'get panel elements'] Found matching interaction for [get https://master.dev.nativ-systems.com/api/metadataDefinitions/11518/definition] at index 0: [200 "{\"definitionId\":107712,\"name\":\"publish-metadata\",\"definition\":[{\"id\":107713,\"nam"]
[webmock] Identified request type (stubbed_by_vcr) for [get https://master.dev.nativ-systems.com/api/metadataDefinitions/11518/definition]
[Cassette: 'get selectors'] Initialized with options: {:record=>:once, :match_requests_on=>[:method, :uri], :allow_unused_http_interactions=>true, :serialize_with=>:yaml, :persist_with=>:file_system}
[webmock] Handling request: [get https://master.dev.nativ-systems.com/api/metadataDefinitions/11518/definition] (disabled: false)
  [Cassette: 'get selectors'] Initialized HTTPInteractionList with request matchers [:method, :uri] and 1 interaction(s): { [get https://master.dev.nativ-systems.com/api/metadataDefinitions/11518/definition] => [200 "{\"definitionId\":107712,\"name\":\"publish-metadata\",\"definition\":[{\"id\":107713,\"nam"] }
  [Cassette: 'get selectors'] Checking if [get https://master.dev.nativ-systems.com/api/metadataDefinitions/11518/definition] matches [get https://master.dev.nativ-systems.com/api/metadataDefinitions/11518/definition] using [:method, :uri]
    [Cassette: 'get selectors'] method (matched): current request [get https://master.dev.nativ-systems.com/api/metadataDefinitions/11518/definition] vs [get https://master.dev.nativ-systems.com/api/metadataDefinitions/11518/definition]
    [Cassette: 'get selectors'] uri (matched): current request [get https://master.dev.nativ-systems.com/api/metadataDefinitions/11518/definition] vs [get https://master.dev.nativ-systems.com/api/metadataDefinitions/11518/definition]
  [Cassette: 'get selectors'] Found matching interaction for [get https://master.dev.nativ-systems.com/api/metadataDefinitions/11518/definition] at index 0: [200 "{\"definitionId\":107712,\"name\":\"publish-metadata\",\"definition\":[{\"id\":107713,\"nam"]
[webmock] Identified request type (stubbed_by_vcr) for [get https://master.dev.nativ-systems.com/api/metadataDefinitions/11518/definition]
[Cassette: 'get text elements'] Initialized with options: {:record=>:once, :match_requests_on=>[:method, :uri], :allow_unused_http_interactions=>true, :serialize_with=>:yaml, :persist_with=>:file_system}
[webmock] Handling request: [get https://master.dev.nativ-systems.com/api/metadataDefinitions/11518/definition] (disabled: false)
  [Cassette: 'get text elements'] Initialized HTTPInteractionList with request matchers [:method, :uri] and 1 interaction(s): { [get https://master.dev.nativ-systems.com/api/metadataDefinitions/11518/definition] => [200 "{\"definitionId\":107712,\"name\":\"publish-metadata\",\"definition\":[{\"id\":107713,\"nam"] }
  [Cassette: 'get text elements'] Checking if [get https://master.dev.nativ-systems.com/api/metadataDefinitions/11518/definition] matches [get https://master.dev.nativ-systems.com/api/metadataDefinitions/11518/definition] using [:method, :uri]
    [Cassette: 'get text elements'] method (matched): current request [get https://master.dev.nativ-systems.com/api/metadataDefinitions/11518/definition] vs [get https://master.dev.nativ-systems.com/api/metadataDefinitions/11518/definition]
    [Cassette: 'get text elements'] uri (matched): current request [get https://master.dev.nativ-systems.com/api/metadataDefinitions/11518/definition] vs [get https://master.dev.nativ-systems.com/api/metadataDefinitions/11518/definition]
  [Cassette: 'get text elements'] Found matching interaction for [get https://master.dev.nativ-systems.com/api/metadataDefinitions/11518/definition] at index 0: [200 "{\"definitionId\":107712,\"name\":\"publish-metadata\",\"definition\":[{\"id\":107713,\"nam"]
[webmock] Identified request type (stubbed_by_vcr) for [get https://master.dev.nativ-systems.com/api/metadataDefinitions/11518/definition]
[Cassette: 'get panel definitions'] Initialized with options: {:record=>:once, :match_requests_on=>[:method, :uri], :allow_unused_http_interactions=>true, :serialize_with=>:yaml, :persist_with=>:file_system}
[webmock] Handling request: [get https://master.dev.nativ-systems.com/api/metadataDefinitions/11518/definition] (disabled: false)
  [Cassette: 'get panel definitions'] Initialized HTTPInteractionList with request matchers [:method, :uri] and 1 interaction(s): { [get https://master.dev.nativ-systems.com/api/metadataDefinitions/11518/definition] => [200 "{\"definitionId\":107712,\"name\":\"publish-metadata\",\"definition\":[{\"id\":107713,\"nam"] }
  [Cassette: 'get panel definitions'] Checking if [get https://master.dev.nativ-systems.com/api/metadataDefinitions/11518/definition] matches [get https://master.dev.nativ-systems.com/api/metadataDefinitions/11518/definition] using [:method, :uri]
    [Cassette: 'get panel definitions'] method (matched): current request [get https://master.dev.nativ-systems.com/api/metadataDefinitions/11518/definition] vs [get https://master.dev.nativ-systems.com/api/metadataDefinitions/11518/definition]
    [Cassette: 'get panel definitions'] uri (matched): current request [get https://master.dev.nativ-systems.com/api/metadataDefinitions/11518/definition] vs [get https://master.dev.nativ-systems.com/api/metadataDefinitions/11518/definition]
  [Cassette: 'get panel definitions'] Found matching interaction for [get https://master.dev.nativ-systems.com/api/metadataDefinitions/11518/definition] at index 0: [200 "{\"definitionId\":107712,\"name\":\"publish-metadata\",\"definition\":[{\"id\":107713,\"nam"]
[webmock] Identified request type (stubbed_by_vcr) for [get https://master.dev.nativ-systems.com/api/metadataDefinitions/11518/definition]
[webmock] Handling request: [post http://127.0.0.1:8910/session] (disabled: false)
[webmock] Identified request type (ignored) for [post http://127.0.0.1:8910/session]
[webmock] Handling request: [get https://master.dev.nativ-systems.com/api/metadataDefinitions] (disabled: false)
[webmock] Identified request type (recordable) for [get https://master.dev.nativ-systems.com/api/metadataDefinitions]
[Cassette: 'expected ingest page elements'] Initialized with options: {:record=>:once, :match_requests_on=>[:method, :uri], :allow_unused_http_interactions=>true, :serialize_with=>:yaml, :persist_with=>:file_system}
[webmock] Handling request: [get https://master.dev.nativ-systems.com/api/metadataDefinitions/11517/definition] (disabled: false)
  [Cassette: 'expected ingest page elements'] Initialized HTTPInteractionList with request matchers [:method, :uri] and 1 interaction(s): { [get https://master.dev.nativ-systems.com/api/metadataDefinitions/11517/definition] => [200 "{\"definitionId\":107837,\"name\":\"ingest-metadata\",\"definition\":[{\"id\":107838,\"name"] }
  [Cassette: 'expected ingest page elements'] Checking if [get https://master.dev.nativ-systems.com/api/metadataDefinitions/11517/definition] matches [get https://master.dev.nativ-systems.com/api/metadataDefinitions/11517/definition] using [:method, :uri]
    [Cassette: 'expected ingest page elements'] method (matched): current request [get https://master.dev.nativ-systems.com/api/metadataDefinitions/11517/definition] vs [get https://master.dev.nativ-systems.com/api/metadataDefinitions/11517/definition]
    [Cassette: 'expected ingest page elements'] uri (matched): current request [get https://master.dev.nativ-systems.com/api/metadataDefinitions/11517/definition] vs [get https://master.dev.nativ-systems.com/api/metadataDefinitions/11517/definition]
  [Cassette: 'expected ingest page elements'] Found matching interaction for [get https://master.dev.nativ-systems.com/api/metadataDefinitions/11517/definition] at index 0: [200 "{\"definitionId\":107837,\"name\":\"ingest-metadata\",\"definition\":[{\"id\":107838,\"name"]
[webmock] Identified request type (stubbed_by_vcr) for [get https://master.dev.nativ-systems.com/api/metadataDefinitions/11517/definition]
[webmock] Handling request: [delete http://127.0.0.1:8910/session/8ecbd3a0-4e7d-11e6-b52f-a1729877f3df] (disabled: false)
[webmock] Identified request type (ignored) for [delete http://127.0.0.1:8910/session/8ecbd3a0-4e7d-11e6-b52f-a1729877f3df]
[webmock] Handling request: [get http://127.0.0.1:8910/shutdown] (disabled: false)
[webmock] Identified request type (ignored) for [get http://127.0.0.1:8910/shutdown]
[webmock] Handling request: [post http://127.0.0.1:8910/session] (disabled: false)
[webmock] Identified request type (ignored) for [post http://127.0.0.1:8910/session]
[webmock] Handling request: [get https://master.dev.nativ-systems.com/api/metadataDefinitions] (disabled: false)
[webmock] Identified request type (recordable) for [get https://master.dev.nativ-systems.com/api/metadataDefinitions]
[Cassette: 'expected ingest page elements'] Initialized with options: {:record=>:once, :match_requests_on=>[:method, :uri], :allow_unused_http_interactions=>true, :serialize_with=>:yaml, :persist_with=>:file_system}
[webmock] Handling request: [get https://master.dev.nativ-systems.com/api/metadataDefinitions/11517/definition] (disabled: false)
  [Cassette: 'expected ingest page elements'] Initialized HTTPInteractionList with request matchers [:method, :uri] and 1 interaction(s): { [get https://master.dev.nativ-systems.com/api/metadataDefinitions/11517/definition] => [200 "{\"definitionId\":107837,\"name\":\"ingest-metadata\",\"definition\":[{\"id\":107838,\"name"] }
  [Cassette: 'expected ingest page elements'] Checking if [get https://master.dev.nativ-systems.com/api/metadataDefinitions/11517/definition] matches [get https://master.dev.nativ-systems.com/api/metadataDefinitions/11517/definition] using [:method, :uri]
    [Cassette: 'expected ingest page elements'] method (matched): current request [get https://master.dev.nativ-systems.com/api/metadataDefinitions/11517/definition] vs [get https://master.dev.nativ-systems.com/api/metadataDefinitions/11517/definition]
    [Cassette: 'expected ingest page elements'] uri (matched): current request [get https://master.dev.nativ-systems.com/api/metadataDefinitions/11517/definition] vs [get https://master.dev.nativ-systems.com/api/metadataDefinitions/11517/definition]
  [Cassette: 'expected ingest page elements'] Found matching interaction for [get https://master.dev.nativ-systems.com/api/metadataDefinitions/11517/definition] at index 0: [200 "{\"definitionId\":107837,\"name\":\"ingest-metadata\",\"definition\":[{\"id\":107838,\"name"]
[webmock] Identified request type (stubbed_by_vcr) for [get https://master.dev.nativ-systems.com/api/metadataDefinitions/11517/definition]
[webmock] Handling request: [delete http://127.0.0.1:8910/session/8f8119e0-4e7d-11e6-8b6e-dfd7410a1ff4] (disabled: false)
[webmock] Identified request type (ignored) for [delete http://127.0.0.1:8910/session/8f8119e0-4e7d-11e6-8b6e-dfd7410a1ff4]
[webmock] Handling request: [get http://127.0.0.1:8910/shutdown] (disabled: false)
[webmock] Identified request type (ignored) for [get http://127.0.0.1:8910/shutdown]
[Cassette: 'new ingest webservice client'] Initialized with options: {:record=>:once, :match_requests_on=>[:method, :uri], :allow_unused_http_interactions=>true, :serialize_with=>:yaml, :persist_with=>:file_system}
[webmock] Handling request: [get https://master.dev.nativ-systems.com/api/metadataDefinitions] (disabled: false)
  [Cassette: 'new ingest webservice client'] Initialized HTTPInteractionList with request matchers [:method, :uri] and 1 interaction(s): { [get https://master.dev.nativ-systems.com/api/metadataDefinitions] => [200 "{\"metadataDefinitions\":[{\"id\":32277,\"uuid\":\"ea45b59e-a9ef-4341-9635-3017301de587"] }
  [Cassette: 'new ingest webservice client'] Checking if [get https://master.dev.nativ-systems.com/api/metadataDefinitions] matches [get https://master.dev.nativ-systems.com/api/metadataDefinitions] using [:method, :uri]
    [Cassette: 'new ingest webservice client'] method (matched): current request [get https://master.dev.nativ-systems.com/api/metadataDefinitions] vs [get https://master.dev.nativ-systems.com/api/metadataDefinitions]
    [Cassette: 'new ingest webservice client'] uri (matched): current request [get https://master.dev.nativ-systems.com/api/metadataDefinitions] vs [get https://master.dev.nativ-systems.com/api/metadataDefinitions]
  [Cassette: 'new ingest webservice client'] Found matching interaction for [get https://master.dev.nativ-systems.com/api/metadataDefinitions] at index 0: [200 "{\"metadataDefinitions\":[{\"id\":32277,\"uuid\":\"ea45b59e-a9ef-4341-9635-3017301de587"]
[webmock] Identified request type (stubbed_by_vcr) for [get https://master.dev.nativ-systems.com/api/metadataDefinitions]
[Cassette: 'get id from name'] Initialized with options: {:record=>:once, :match_requests_on=>[:method, :uri], :allow_unused_http_interactions=>true, :serialize_with=>:yaml, :persist_with=>:file_system}
[webmock] Handling request: [get https://master.dev.nativ-systems.com/api/metadataDefinitions] (disabled: false)
  [Cassette: 'get id from name'] Initialized HTTPInteractionList with request matchers [:method, :uri] and 1 interaction(s): { [get https://master.dev.nativ-systems.com/api/metadataDefinitions] => [200 "{\"metadataDefinitions\":[{\"id\":32277,\"uuid\":\"ea45b59e-a9ef-4341-9635-3017301de587"] }
  [Cassette: 'get id from name'] Checking if [get https://master.dev.nativ-systems.com/api/metadataDefinitions] matches [get https://master.dev.nativ-systems.com/api/metadataDefinitions] using [:method, :uri]
    [Cassette: 'get id from name'] method (matched): current request [get https://master.dev.nativ-systems.com/api/metadataDefinitions] vs [get https://master.dev.nativ-systems.com/api/metadataDefinitions]
    [Cassette: 'get id from name'] uri (matched): current request [get https://master.dev.nativ-systems.com/api/metadataDefinitions] vs [get https://master.dev.nativ-systems.com/api/metadataDefinitions]
  [Cassette: 'get id from name'] Found matching interaction for [get https://master.dev.nativ-systems.com/api/metadataDefinitions] at index 0: [200 "{\"metadataDefinitions\":[{\"id\":32277,\"uuid\":\"ea45b59e-a9ef-4341-9635-3017301de587"]
[webmock] Identified request type (stubbed_by_vcr) for [get https://master.dev.nativ-systems.com/api/metadataDefinitions]
[Cassette: 'data definition url'] Initialized with options: {:record=>:once, :match_requests_on=>[:method, :uri], :allow_unused_http_interactions=>true, :serialize_with=>:yaml, :persist_with=>:file_system}
[webmock] Handling request: [get https://master.dev.nativ-systems.com/api/metadataDefinitions] (disabled: false)
  [Cassette: 'data definition url'] Initialized HTTPInteractionList with request matchers [:method, :uri] and 1 interaction(s): { [get https://master.dev.nativ-systems.com/api/metadataDefinitions] => [200 "{\"metadataDefinitions\":[{\"id\":32277,\"uuid\":\"ea45b59e-a9ef-4341-9635-3017301de587"] }
  [Cassette: 'data definition url'] Checking if [get https://master.dev.nativ-systems.com/api/metadataDefinitions] matches [get https://master.dev.nativ-systems.com/api/metadataDefinitions] using [:method, :uri]
    [Cassette: 'data definition url'] method (matched): current request [get https://master.dev.nativ-systems.com/api/metadataDefinitions] vs [get https://master.dev.nativ-systems.com/api/metadataDefinitions]
    [Cassette: 'data definition url'] uri (matched): current request [get https://master.dev.nativ-systems.com/api/metadataDefinitions] vs [get https://master.dev.nativ-systems.com/api/metadataDefinitions]
  [Cassette: 'data definition url'] Found matching interaction for [get https://master.dev.nativ-systems.com/api/metadataDefinitions] at index 0: [200 "{\"metadataDefinitions\":[{\"id\":32277,\"uuid\":\"ea45b59e-a9ef-4341-9635-3017301de587"]
[webmock] Identified request type (stubbed_by_vcr) for [get https://master.dev.nativ-systems.com/api/metadataDefinitions]
[Cassette: 'new ingest webservice client'] Initialized with options: {:record=>:once, :match_requests_on=>[:method, :uri], :allow_unused_http_interactions=>true, :serialize_with=>:yaml, :persist_with=>:file_system}
[webmock] Handling request: [get https://master.dev.nativ-systems.com/api/metadataDefinitions] (disabled: false)
  [Cassette: 'new ingest webservice client'] Initialized HTTPInteractionList with request matchers [:method, :uri] and 1 interaction(s): { [get https://master.dev.nativ-systems.com/api/metadataDefinitions] => [200 "{\"metadataDefinitions\":[{\"id\":32277,\"uuid\":\"ea45b59e-a9ef-4341-9635-3017301de587"] }
  [Cassette: 'new ingest webservice client'] Checking if [get https://master.dev.nativ-systems.com/api/metadataDefinitions] matches [get https://master.dev.nativ-systems.com/api/metadataDefinitions] using [:method, :uri]
    [Cassette: 'new ingest webservice client'] method (matched): current request [get https://master.dev.nativ-systems.com/api/metadataDefinitions] vs [get https://master.dev.nativ-systems.com/api/metadataDefinitions]
    [Cassette: 'new ingest webservice client'] uri (matched): current request [get https://master.dev.nativ-systems.com/api/metadataDefinitions] vs [get https://master.dev.nativ-systems.com/api/metadataDefinitions]
  [Cassette: 'new ingest webservice client'] Found matching interaction for [get https://master.dev.nativ-systems.com/api/metadataDefinitions] at index 0: [200 "{\"metadataDefinitions\":[{\"id\":32277,\"uuid\":\"ea45b59e-a9ef-4341-9635-3017301de587"]
[webmock] Identified request type (stubbed_by_vcr) for [get https://master.dev.nativ-systems.com/api/metadataDefinitions]
[Cassette: 'get ingest panel elements'] Initialized with options: {:record=>:once, :match_requests_on=>[:method, :uri], :allow_unused_http_interactions=>true, :serialize_with=>:yaml, :persist_with=>:file_system}
[webmock] Handling request: [get https://master.dev.nativ-systems.com/api/metadataDefinitions/11517/definition] (disabled: false)
  [Cassette: 'get ingest panel elements'] Initialized HTTPInteractionList with request matchers [:method, :uri] and 1 interaction(s): { [get https://master.dev.nativ-systems.com/api/metadataDefinitions/11517/definition] => [200 "{\"definitionId\":107837,\"name\":\"ingest-metadata\",\"definition\":[{\"id\":107838,\"name"] }
  [Cassette: 'get ingest panel elements'] Checking if [get https://master.dev.nativ-systems.com/api/metadataDefinitions/11517/definition] matches [get https://master.dev.nativ-systems.com/api/metadataDefinitions/11517/definition] using [:method, :uri]
    [Cassette: 'get ingest panel elements'] method (matched): current request [get https://master.dev.nativ-systems.com/api/metadataDefinitions/11517/definition] vs [get https://master.dev.nativ-systems.com/api/metadataDefinitions/11517/definition]
    [Cassette: 'get ingest panel elements'] uri (matched): current request [get https://master.dev.nativ-systems.com/api/metadataDefinitions/11517/definition] vs [get https://master.dev.nativ-systems.com/api/metadataDefinitions/11517/definition]
  [Cassette: 'get ingest panel elements'] Found matching interaction for [get https://master.dev.nativ-systems.com/api/metadataDefinitions/11517/definition] at index 0: [200 "{\"definitionId\":107837,\"name\":\"ingest-metadata\",\"definition\":[{\"id\":107838,\"name"]
[webmock] Identified request type (stubbed_by_vcr) for [get https://master.dev.nativ-systems.com/api/metadataDefinitions/11517/definition]
[Cassette: 'new ingest webservice client'] Initialized with options: {:record=>:once, :match_requests_on=>[:method, :uri], :allow_unused_http_interactions=>true, :serialize_with=>:yaml, :persist_with=>:file_system}
[webmock] Handling request: [get https://master.dev.nativ-systems.com/api/metadataDefinitions] (disabled: false)
  [Cassette: 'new ingest webservice client'] Initialized HTTPInteractionList with request matchers [:method, :uri] and 1 interaction(s): { [get https://master.dev.nativ-systems.com/api/metadataDefinitions] => [200 "{\"metadataDefinitions\":[{\"id\":32277,\"uuid\":\"ea45b59e-a9ef-4341-9635-3017301de587"] }
  [Cassette: 'new ingest webservice client'] Checking if [get https://master.dev.nativ-systems.com/api/metadataDefinitions] matches [get https://master.dev.nativ-systems.com/api/metadataDefinitions] using [:method, :uri]
    [Cassette: 'new ingest webservice client'] method (matched): current request [get https://master.dev.nativ-systems.com/api/metadataDefinitions] vs [get https://master.dev.nativ-systems.com/api/metadataDefinitions]
    [Cassette: 'new ingest webservice client'] uri (matched): current request [get https://master.dev.nativ-systems.com/api/metadataDefinitions] vs [get https://master.dev.nativ-systems.com/api/metadataDefinitions]
  [Cassette: 'new ingest webservice client'] Found matching interaction for [get https://master.dev.nativ-systems.com/api/metadataDefinitions] at index 0: [200 "{\"metadataDefinitions\":[{\"id\":32277,\"uuid\":\"ea45b59e-a9ef-4341-9635-3017301de587"]
[webmock] Identified request type (stubbed_by_vcr) for [get https://master.dev.nativ-systems.com/api/metadataDefinitions]
[Cassette: 'get ingest panel definitions'] Initialized with options: {:record=>:once, :match_requests_on=>[:method, :uri], :allow_unused_http_interactions=>true, :serialize_with=>:yaml, :persist_with=>:file_system}
[webmock] Handling request: [get https://master.dev.nativ-systems.com/api/metadataDefinitions/11517/definition] (disabled: false)
  [Cassette: 'get ingest panel definitions'] Initialized HTTPInteractionList with request matchers [:method, :uri] and 1 interaction(s): { [get https://master.dev.nativ-systems.com/api/metadataDefinitions/11517/definition] => [200 "{\"definitionId\":107837,\"name\":\"ingest-metadata\",\"definition\":[{\"id\":107838,\"name"] }
  [Cassette: 'get ingest panel definitions'] Checking if [get https://master.dev.nativ-systems.com/api/metadataDefinitions/11517/definition] matches [get https://master.dev.nativ-systems.com/api/metadataDefinitions/11517/definition] using [:method, :uri]
    [Cassette: 'get ingest panel definitions'] method (matched): current request [get https://master.dev.nativ-systems.com/api/metadataDefinitions/11517/definition] vs [get https://master.dev.nativ-systems.com/api/metadataDefinitions/11517/definition]
    [Cassette: 'get ingest panel definitions'] uri (matched): current request [get https://master.dev.nativ-systems.com/api/metadataDefinitions/11517/definition] vs [get https://master.dev.nativ-systems.com/api/metadataDefinitions/11517/definition]
  [Cassette: 'get ingest panel definitions'] Found matching interaction for [get https://master.dev.nativ-systems.com/api/metadataDefinitions/11517/definition] at index 0: [200 "{\"definitionId\":107837,\"name\":\"ingest-metadata\",\"definition\":[{\"id\":107838,\"name"]
[webmock] Identified request type (stubbed_by_vcr) for [get https://master.dev.nativ-systems.com/api/metadataDefinitions/11517/definition]
[webmock] Handling request: [post http://127.0.0.1:8910/session] (disabled: false)
[webmock] Identified request type (ignored) for [post http://127.0.0.1:8910/session]
[webmock] Handling request: [delete http://127.0.0.1:8910/session/90483a70-4e7d-11e6-9062-fb7a5ed34dc6] (disabled: false)
[webmock] Identified request type (ignored) for [delete http://127.0.0.1:8910/session/90483a70-4e7d-11e6-9062-fb7a5ed34dc6]
[webmock] Handling request: [get http://127.0.0.1:8910/shutdown] (disabled: false)
[webmock] Identified request type (ignored) for [get http://127.0.0.1:8910/shutdown]
[webmock] Handling request: [post http://127.0.0.1:8910/session] (disabled: false)
[webmock] Identified request type (ignored) for [post http://127.0.0.1:8910/session]
[webmock] Handling request: [delete http://127.0.0.1:8910/session/90cb4d20-4e7d-11e6-9753-9b4e5654ba02] (disabled: false)
[webmock] Identified request type (ignored) for [delete http://127.0.0.1:8910/session/90cb4d20-4e7d-11e6-9753-9b4e5654ba02]
[webmock] Handling request: [get http://127.0.0.1:8910/shutdown] (disabled: false)
[webmock] Identified request type (ignored) for [get http://127.0.0.1:8910/shutdown]
[webmock] Handling request: [post http://127.0.0.1:8910/session] (disabled: false)
[webmock] Identified request type (ignored) for [post http://127.0.0.1:8910/session]
[webmock] Handling request: [delete http://127.0.0.1:8910/session/914deaa0-4e7d-11e6-b928-2f9a7c389cef] (disabled: false)
[webmock] Identified request type (ignored) for [delete http://127.0.0.1:8910/session/914deaa0-4e7d-11e6-b928-2f9a7c389cef]
[webmock] Handling request: [get http://127.0.0.1:8910/shutdown] (disabled: false)
[webmock] Identified request type (ignored) for [get http://127.0.0.1:8910/shutdown]
[webmock] Handling request: [post http://127.0.0.1:8910/session] (disabled: false)
[webmock] Identified request type (ignored) for [post http://127.0.0.1:8910/session]
[webmock] Handling request: [delete http://127.0.0.1:8910/session/91d17280-4e7d-11e6-9636-558ed3815776] (disabled: false)
[webmock] Identified request type (ignored) for [delete http://127.0.0.1:8910/session/91d17280-4e7d-11e6-9636-558ed3815776]
[webmock] Handling request: [get http://127.0.0.1:8910/shutdown] (disabled: false)
[webmock] Identified request type (ignored) for [get http://127.0.0.1:8910/shutdown]
[webmock] Handling request: [post http://127.0.0.1:8910/session] (disabled: false)
[webmock] Identified request type (ignored) for [post http://127.0.0.1:8910/session]
[webmock] Handling request: [delete http://127.0.0.1:8910/session/92c373a0-4e7d-11e6-873b-7d0781e67915] (disabled: false)
[webmock] Identified request type (ignored) for [delete http://127.0.0.1:8910/session/92c373a0-4e7d-11e6-873b-7d0781e67915]
[webmock] Handling request: [get http://127.0.0.1:8910/shutdown] (disabled: false)
[webmock] Identified request type (ignored) for [get http://127.0.0.1:8910/shutdown]
[webmock] Handling request: [post http://127.0.0.1:8910/session] (disabled: false)
[webmock] Identified request type (ignored) for [post http://127.0.0.1:8910/session]
[webmock] Handling request: [delete http://127.0.0.1:8910/session/94d38ef0-4e7d-11e6-925d-b5c20fdbca14] (disabled: false)
[webmock] Identified request type (ignored) for [delete http://127.0.0.1:8910/session/94d38ef0-4e7d-11e6-925d-b5c20fdbca14]
[webmock] Handling request: [get http://127.0.0.1:8910/shutdown] (disabled: false)
[webmock] Identified request type (ignored) for [get http://127.0.0.1:8910/shutdown]
[webmock] Handling request: [post http://127.0.0.1:8910/session] (disabled: false)
[webmock] Identified request type (ignored) for [post http://127.0.0.1:8910/session]
[webmock] Handling request: [delete http://127.0.0.1:8910/session/95560560-4e7d-11e6-82cd-e3f64854970f] (disabled: false)
[webmock] Identified request type (ignored) for [delete http://127.0.0.1:8910/session/95560560-4e7d-11e6-82cd-e3f64854970f]
[webmock] Handling request: [get http://127.0.0.1:8910/shutdown] (disabled: false)
[webmock] Identified request type (ignored) for [get http://127.0.0.1:8910/shutdown]
[webmock] Handling request: [post http://127.0.0.1:8910/session] (disabled: false)
[webmock] Identified request type (ignored) for [post http://127.0.0.1:8910/session]
[webmock] Handling request: [delete http://127.0.0.1:8910/session/95ff3db0-4e7d-11e6-83f4-8b28f724c79b] (disabled: false)
[webmock] Identified request type (ignored) for [delete http://127.0.0.1:8910/session/95ff3db0-4e7d-11e6-83f4-8b28f724c79b]
[webmock] Handling request: [get http://127.0.0.1:8910/shutdown] (disabled: false)
[webmock] Identified request type (ignored) for [get http://127.0.0.1:8910/shutdown]
[webmock] Handling request: [post http://127.0.0.1:8910/session] (disabled: false)
[webmock] Identified request type (ignored) for [post http://127.0.0.1:8910/session]
[webmock] Handling request: [delete http://127.0.0.1:8910/session/9681b420-4e7d-11e6-b0c4-a7b3c7dfb16b] (disabled: false)
[webmock] Identified request type (ignored) for [delete http://127.0.0.1:8910/session/9681b420-4e7d-11e6-b0c4-a7b3c7dfb16b]
[webmock] Handling request: [get http://127.0.0.1:8910/shutdown] (disabled: false)
[webmock] Identified request type (ignored) for [get http://127.0.0.1:8910/shutdown]
[webmock] Handling request: [post http://127.0.0.1:8910/session] (disabled: false)
[webmock] Identified request type (ignored) for [post http://127.0.0.1:8910/session]
[webmock] Handling request: [delete http://127.0.0.1:8910/session/97034030-4e7d-11e6-bbcb-839d5d00d05b] (disabled: false)
[webmock] Identified request type (ignored) for [delete http://127.0.0.1:8910/session/97034030-4e7d-11e6-bbcb-839d5d00d05b]
[webmock] Handling request: [get http://127.0.0.1:8910/shutdown] (disabled: false)
[webmock] Identified request type (ignored) for [get http://127.0.0.1:8910/shutdown]
[Cassette: 'new publish webservice client'] Initialized with options: {:record=>:once, :match_requests_on=>[:method, :uri], :allow_unused_http_interactions=>true, :serialize_with=>:yaml, :persist_with=>:file_system}
[webmock] Handling request: [get https://master.dev.nativ-systems.com/api/metadataDefinitions] (disabled: false)
  [Cassette: 'new publish webservice client'] Initialized HTTPInteractionList with request matchers [:method, :uri] and 1 interaction(s): { [get https://master.dev.nativ-systems.com/api/metadataDefinitions] => [200 "{\"metadataDefinitions\":[{\"id\":32277,\"uuid\":\"ea45b59e-a9ef-4341-9635-3017301de587"] }
  [Cassette: 'new publish webservice client'] Checking if [get https://master.dev.nativ-systems.com/api/metadataDefinitions] matches [get https://master.dev.nativ-systems.com/api/metadataDefinitions] using [:method, :uri]
    [Cassette: 'new publish webservice client'] method (matched): current request [get https://master.dev.nativ-systems.com/api/metadataDefinitions] vs [get https://master.dev.nativ-systems.com/api/metadataDefinitions]
    [Cassette: 'new publish webservice client'] uri (matched): current request [get https://master.dev.nativ-systems.com/api/metadataDefinitions] vs [get https://master.dev.nativ-systems.com/api/metadataDefinitions]
  [Cassette: 'new publish webservice client'] Found matching interaction for [get https://master.dev.nativ-systems.com/api/metadataDefinitions] at index 0: [200 "{\"metadataDefinitions\":[{\"id\":32277,\"uuid\":\"ea45b59e-a9ef-4341-9635-3017301de587"]
[webmock] Identified request type (stubbed_by_vcr) for [get https://master.dev.nativ-systems.com/api/metadataDefinitions]
[Cassette: 'publish get id from name'] Initialized with options: {:record=>:once, :match_requests_on=>[:method, :uri], :allow_unused_http_interactions=>true, :serialize_with=>:yaml, :persist_with=>:file_system}
[webmock] Handling request: [get https://master.dev.nativ-systems.com/api/metadataDefinitions] (disabled: false)
  [Cassette: 'publish get id from name'] Initialized HTTPInteractionList with request matchers [:method, :uri] and 1 interaction(s): { [get https://master.dev.nativ-systems.com/api/metadataDefinitions] => [200 "{\"metadataDefinitions\":[{\"id\":32277,\"uuid\":\"ea45b59e-a9ef-4341-9635-3017301de587"] }
  [Cassette: 'publish get id from name'] Checking if [get https://master.dev.nativ-systems.com/api/metadataDefinitions] matches [get https://master.dev.nativ-systems.com/api/metadataDefinitions] using [:method, :uri]
    [Cassette: 'publish get id from name'] method (matched): current request [get https://master.dev.nativ-systems.com/api/metadataDefinitions] vs [get https://master.dev.nativ-systems.com/api/metadataDefinitions]
    [Cassette: 'publish get id from name'] uri (matched): current request [get https://master.dev.nativ-systems.com/api/metadataDefinitions] vs [get https://master.dev.nativ-systems.com/api/metadataDefinitions]
  [Cassette: 'publish get id from name'] Found matching interaction for [get https://master.dev.nativ-systems.com/api/metadataDefinitions] at index 0: [200 "{\"metadataDefinitions\":[{\"id\":32277,\"uuid\":\"ea45b59e-a9ef-4341-9635-3017301de587"]
[webmock] Identified request type (stubbed_by_vcr) for [get https://master.dev.nativ-systems.com/api/metadataDefinitions]
[Cassette: 'url for data definition'] Initialized with options: {:record=>:once, :match_requests_on=>[:method, :uri], :allow_unused_http_interactions=>true, :serialize_with=>:yaml, :persist_with=>:file_system}
[webmock] Handling request: [get https://master.dev.nativ-systems.com/api/metadataDefinitions] (disabled: false)
  [Cassette: 'url for data definition'] Initialized HTTPInteractionList with request matchers [:method, :uri] and 1 interaction(s): { [get https://master.dev.nativ-systems.com/api/metadataDefinitions] => [200 "{\"metadataDefinitions\":[{\"id\":32277,\"uuid\":\"ea45b59e-a9ef-4341-9635-3017301de587"] }
  [Cassette: 'url for data definition'] Checking if [get https://master.dev.nativ-systems.com/api/metadataDefinitions] matches [get https://master.dev.nativ-systems.com/api/metadataDefinitions] using [:method, :uri]
    [Cassette: 'url for data definition'] method (matched): current request [get https://master.dev.nativ-systems.com/api/metadataDefinitions] vs [get https://master.dev.nativ-systems.com/api/metadataDefinitions]
    [Cassette: 'url for data definition'] uri (matched): current request [get https://master.dev.nativ-systems.com/api/metadataDefinitions] vs [get https://master.dev.nativ-systems.com/api/metadataDefinitions]
  [Cassette: 'url for data definition'] Found matching interaction for [get https://master.dev.nativ-systems.com/api/metadataDefinitions] at index 0: [200 "{\"metadataDefinitions\":[{\"id\":32277,\"uuid\":\"ea45b59e-a9ef-4341-9635-3017301de587"]
[webmock] Identified request type (stubbed_by_vcr) for [get https://master.dev.nativ-systems.com/api/metadataDefinitions]
[Cassette: 'new publish webservice client'] Initialized with options: {:record=>:once, :match_requests_on=>[:method, :uri], :allow_unused_http_interactions=>true, :serialize_with=>:yaml, :persist_with=>:file_system}
[webmock] Handling request: [get https://master.dev.nativ-systems.com/api/metadataDefinitions] (disabled: false)
  [Cassette: 'new publish webservice client'] Initialized HTTPInteractionList with request matchers [:method, :uri] and 1 interaction(s): { [get https://master.dev.nativ-systems.com/api/metadataDefinitions] => [200 "{\"metadataDefinitions\":[{\"id\":32277,\"uuid\":\"ea45b59e-a9ef-4341-9635-3017301de587"] }
  [Cassette: 'new publish webservice client'] Checking if [get https://master.dev.nativ-systems.com/api/metadataDefinitions] matches [get https://master.dev.nativ-systems.com/api/metadataDefinitions] using [:method, :uri]
    [Cassette: 'new publish webservice client'] method (matched): current request [get https://master.dev.nativ-systems.com/api/metadataDefinitions] vs [get https://master.dev.nativ-systems.com/api/metadataDefinitions]
    [Cassette: 'new publish webservice client'] uri (matched): current request [get https://master.dev.nativ-systems.com/api/metadataDefinitions] vs [get https://master.dev.nativ-systems.com/api/metadataDefinitions]
  [Cassette: 'new publish webservice client'] Found matching interaction for [get https://master.dev.nativ-systems.com/api/metadataDefinitions] at index 0: [200 "{\"metadataDefinitions\":[{\"id\":32277,\"uuid\":\"ea45b59e-a9ef-4341-9635-3017301de587"]
[webmock] Identified request type (stubbed_by_vcr) for [get https://master.dev.nativ-systems.com/api/metadataDefinitions]
[Cassette: 'extract publish panel elements'] Initialized with options: {:record=>:once, :match_requests_on=>[:method, :uri], :allow_unused_http_interactions=>true, :serialize_with=>:yaml, :persist_with=>:file_system}
[webmock] Handling request: [get https://master.dev.nativ-systems.com/api/metadataDefinitions/11518/definition] (disabled: false)
  [Cassette: 'extract publish panel elements'] Initialized HTTPInteractionList with request matchers [:method, :uri] and 1 interaction(s): { [get https://master.dev.nativ-systems.com/api/metadataDefinitions/11518/definition] => [200 "{\"definitionId\":107712,\"name\":\"publish-metadata\",\"definition\":[{\"id\":107713,\"nam"] }
  [Cassette: 'extract publish panel elements'] Checking if [get https://master.dev.nativ-systems.com/api/metadataDefinitions/11518/definition] matches [get https://master.dev.nativ-systems.com/api/metadataDefinitions/11518/definition] using [:method, :uri]
    [Cassette: 'extract publish panel elements'] method (matched): current request [get https://master.dev.nativ-systems.com/api/metadataDefinitions/11518/definition] vs [get https://master.dev.nativ-systems.com/api/metadataDefinitions/11518/definition]
    [Cassette: 'extract publish panel elements'] uri (matched): current request [get https://master.dev.nativ-systems.com/api/metadataDefinitions/11518/definition] vs [get https://master.dev.nativ-systems.com/api/metadataDefinitions/11518/definition]
  [Cassette: 'extract publish panel elements'] Found matching interaction for [get https://master.dev.nativ-systems.com/api/metadataDefinitions/11518/definition] at index 0: [200 "{\"definitionId\":107712,\"name\":\"publish-metadata\",\"definition\":[{\"id\":107713,\"nam"]
[webmock] Identified request type (stubbed_by_vcr) for [get https://master.dev.nativ-systems.com/api/metadataDefinitions/11518/definition]
[Cassette: 'new publish webservice client'] Initialized with options: {:record=>:once, :match_requests_on=>[:method, :uri], :allow_unused_http_interactions=>true, :serialize_with=>:yaml, :persist_with=>:file_system}
[webmock] Handling request: [get https://master.dev.nativ-systems.com/api/metadataDefinitions] (disabled: false)
  [Cassette: 'new publish webservice client'] Initialized HTTPInteractionList with request matchers [:method, :uri] and 1 interaction(s): { [get https://master.dev.nativ-systems.com/api/metadataDefinitions] => [200 "{\"metadataDefinitions\":[{\"id\":32277,\"uuid\":\"ea45b59e-a9ef-4341-9635-3017301de587"] }
  [Cassette: 'new publish webservice client'] Checking if [get https://master.dev.nativ-systems.com/api/metadataDefinitions] matches [get https://master.dev.nativ-systems.com/api/metadataDefinitions] using [:method, :uri]
    [Cassette: 'new publish webservice client'] method (matched): current request [get https://master.dev.nativ-systems.com/api/metadataDefinitions] vs [get https://master.dev.nativ-systems.com/api/metadataDefinitions]
    [Cassette: 'new publish webservice client'] uri (matched): current request [get https://master.dev.nativ-systems.com/api/metadataDefinitions] vs [get https://master.dev.nativ-systems.com/api/metadataDefinitions]
  [Cassette: 'new publish webservice client'] Found matching interaction for [get https://master.dev.nativ-systems.com/api/metadataDefinitions] at index 0: [200 "{\"metadataDefinitions\":[{\"id\":32277,\"uuid\":\"ea45b59e-a9ef-4341-9635-3017301de587"]
[webmock] Identified request type (stubbed_by_vcr) for [get https://master.dev.nativ-systems.com/api/metadataDefinitions]
[Cassette: 'extract publish panel definitions'] Initialized with options: {:record=>:once, :match_requests_on=>[:method, :uri], :allow_unused_http_interactions=>true, :serialize_with=>:yaml, :persist_with=>:file_system}
[webmock] Handling request: [get https://master.dev.nativ-systems.com/api/metadataDefinitions/11518/definition] (disabled: false)
  [Cassette: 'extract publish panel definitions'] Initialized HTTPInteractionList with request matchers [:method, :uri] and 1 interaction(s): { [get https://master.dev.nativ-systems.com/api/metadataDefinitions/11518/definition] => [200 "{\"definitionId\":107712,\"name\":\"publish-metadata\",\"definition\":[{\"id\":107713,\"nam"] }
  [Cassette: 'extract publish panel definitions'] Checking if [get https://master.dev.nativ-systems.com/api/metadataDefinitions/11518/definition] matches [get https://master.dev.nativ-systems.com/api/metadataDefinitions/11518/definition] using [:method, :uri]
    [Cassette: 'extract publish panel definitions'] method (matched): current request [get https://master.dev.nativ-systems.com/api/metadataDefinitions/11518/definition] vs [get https://master.dev.nativ-systems.com/api/metadataDefinitions/11518/definition]
    [Cassette: 'extract publish panel definitions'] uri (matched): current request [get https://master.dev.nativ-systems.com/api/metadataDefinitions/11518/definition] vs [get https://master.dev.nativ-systems.com/api/metadataDefinitions/11518/definition]
  [Cassette: 'extract publish panel definitions'] Found matching interaction for [get https://master.dev.nativ-systems.com/api/metadataDefinitions/11518/definition] at index 0: [200 "{\"definitionId\":107712,\"name\":\"publish-metadata\",\"definition\":[{\"id\":107713,\"nam"]
[webmock] Identified request type (stubbed_by_vcr) for [get https://master.dev.nativ-systems.com/api/metadataDefinitions/11518/definition]
[webmock] Handling request: [post http://127.0.0.1:9516/session] (disabled: false)
[webmock] Identified request type (ignored) for [post http://127.0.0.1:9516/session]
[webmock] Handling request: [get https://master.dev.nativ-systems.com/api/metadataDefinitions] (disabled: false)
[webmock] Identified request type (recordable) for [get https://master.dev.nativ-systems.com/api/metadataDefinitions]
[Cassette: 'expected publish page elements'] Initialized with options: {:record=>:once, :match_requests_on=>[:method, :uri], :allow_unused_http_interactions=>true, :serialize_with=>:yaml, :persist_with=>:file_system}
[webmock] Handling request: [get https://master.dev.nativ-systems.com/api/metadataDefinitions/11518/definition] (disabled: false)
  [Cassette: 'expected publish page elements'] Initialized HTTPInteractionList with request matchers [:method, :uri] and 1 interaction(s): { [get https://master.dev.nativ-systems.com/api/metadataDefinitions/11518/definition] => [200 "{\"definitionId\":107712,\"name\":\"publish-metadata\",\"definition\":[{\"id\":107713,\"nam"] }
  [Cassette: 'expected publish page elements'] Checking if [get https://master.dev.nativ-systems.com/api/metadataDefinitions/11518/definition] matches [get https://master.dev.nativ-systems.com/api/metadataDefinitions/11518/definition] using [:method, :uri]
    [Cassette: 'expected publish page elements'] method (matched): current request [get https://master.dev.nativ-systems.com/api/metadataDefinitions/11518/definition] vs [get https://master.dev.nativ-systems.com/api/metadataDefinitions/11518/definition]
    [Cassette: 'expected publish page elements'] uri (matched): current request [get https://master.dev.nativ-systems.com/api/metadataDefinitions/11518/definition] vs [get https://master.dev.nativ-systems.com/api/metadataDefinitions/11518/definition]
  [Cassette: 'expected publish page elements'] Found matching interaction for [get https://master.dev.nativ-systems.com/api/metadataDefinitions/11518/definition] at index 0: [200 "{\"definitionId\":107712,\"name\":\"publish-metadata\",\"definition\":[{\"id\":107713,\"nam"]
[webmock] Identified request type (stubbed_by_vcr) for [get https://master.dev.nativ-systems.com/api/metadataDefinitions/11518/definition]
[webmock] Handling request: [delete http://127.0.0.1:9516/session/a53b129bd96eb85b71f6029605d82a9b] (disabled: false)
[webmock] Identified request type (ignored) for [delete http://127.0.0.1:9516/session/a53b129bd96eb85b71f6029605d82a9b]
[webmock] Handling request: [get http://127.0.0.1:9516/shutdown] (disabled: false)
[webmock] Identified request type (ignored) for [get http://127.0.0.1:9516/shutdown]
